nohup: ignoring input
正在激活FNO2环境（neuraloperator-mHC专用）...
✓ FNO2环境已激活

[0;32m========================================[0m
[0;32mKBS-mHC-FNO Cylinder Experiments[0m
[0;32m========================================[0m

[1;33m=== 实验1：有无mHC对比 ===[0m

[1;33mRunning experiment: baseline_no_mhc[0m
  实验名称: baseline_no_mhc
  是否启用mHC: 0 (0=禁用, 1=启用)
  mHC模式: continuous (discrete/continuous)
  流形扩展倍数: 4 (控制流形表达能力，越大越强但参数更多)
  核密度平衡带宽: 0.5 (控制空间平滑，0.1=弱, 0.5=中, 1.0=强)

2026-03-29 04:32:36,968 Args: Namespace(ntrain=600, ntest=147, in_dim=10, out_dim=1, data_path='/home/leeshu/wmm/neuraloperator-main/neuralop/data/datasets/data/Cylinder/Cylinder1.mat', modes=12, width=32, n_layers=4, use_channel_mlp=1, fno_skip='linear', padding=0, use_mhc=0, mhc_mode='continuous', mhc_expansion_ratio=4, mhc_kdb_bandwidth=0.5, mhc_sinkhorn_iter=20, mhc_kernel_size=5, mhc_weight_decay=0.0, lr=0.001, epochs=500, weight_decay=0.0001, batch_size=8, max_grad_norm=None, gpu='2', save_name='baseline_no_mhc', eval=0, seed=42)
2026-03-29 04:32:36,968 Loading data from /home/leeshu/wmm/neuraloperator-main/neuralop/data/datasets/data/Cylinder/Cylinder1.mat ...
2026-03-29 04:32:38,258   raw shape : (747, 20, 3, 64, 64)
2026-03-29 04:32:39,060   train_a : torch.Size([600, 10, 64, 64])   train_u : torch.Size([600, 10, 64, 64])
2026-03-29 04:32:39,060   test_a  : torch.Size([147, 10, 64, 64])    test_u  : torch.Size([147, 10, 64, 64])
2026-03-29 04:32:39,621   a_norm  mean=1.0082  std=0.3581
2026-03-29 04:32:40,043 Model: FNO + no mHC | hidden=32 | modes=12 | layers=4 | mhc_mode=N/A | mhc_expansion_ratio=N/A | mhc_kdb_bandwidth=N/A | use_channel_mlp=1 | params=357,793
2026-03-29 04:32:41,086   [shape check] xx torch.Size([8, 10, 64, 64]) -> im torch.Size([8, 1, 64, 64])
2026-03-29 04:32:41,087   [grid verification]
2026-03-29 04:32:41,087   Input channels: 10
2026-03-29 04:32:41,087   Lifting layer input channels: 12
2026-03-29 04:32:41,087   Expected with grid: 12
2026-03-29 04:32:41,087   ✓ Grid embedding is ACTIVE (coordinates embedded)
2026-03-29 04:32:41,093   shape check passed ✓
2026-03-29 04:32:41,815 Optimizer: Adam with lr=0.001, weight_decay=0.0001
2026-03-29 04:33:04,158 Epoch    0 | 22.3s | lr 4.09e-05 | train_relL2 6.0305e-01 | test_relL2 4.1585e-01
2026-03-29 04:33:25,400 Epoch    1 | 21.2s | lr 4.38e-05 | train_relL2 1.4886e-01 | test_relL2 1.8215e-01
2026-03-29 04:33:47,075 Epoch    2 | 21.7s | lr 4.85e-05 | train_relL2 4.9506e-02 | test_relL2 1.5970e-01
2026-03-29 04:34:08,325 Epoch    3 | 21.2s | lr 5.51e-05 | train_relL2 3.1264e-02 | test_relL2 1.4683e-01
2026-03-29 04:34:30,135 Epoch    4 | 21.8s | lr 6.35e-05 | train_relL2 2.4748e-02 | test_relL2 1.3682e-01
2026-03-29 04:34:51,799 Epoch    5 | 21.7s | lr 7.37e-05 | train_relL2 2.1058e-02 | test_relL2 1.3510e-01
2026-03-29 04:35:13,557 Epoch    6 | 21.8s | lr 8.57e-05 | train_relL2 1.8475e-02 | test_relL2 1.3481e-01
2026-03-29 04:35:35,484 Epoch    7 | 21.9s | lr 9.94e-05 | train_relL2 1.6740e-02 | test_relL2 1.2823e-01
2026-03-29 04:35:57,088 Epoch    8 | 21.6s | lr 1.15e-04 | train_relL2 1.5463e-02 | test_relL2 1.2946e-01
2026-03-29 04:36:18,444 Epoch    9 | 21.4s | lr 1.32e-04 | train_relL2 1.4367e-02 | test_relL2 1.2422e-01
2026-03-29 04:36:39,852 Epoch   10 | 21.4s | lr 1.50e-04 | train_relL2 1.3183e-02 | test_relL2 1.3490e-01
2026-03-29 04:37:01,280 Epoch   11 | 21.4s | lr 1.70e-04 | train_relL2 1.2613e-02 | test_relL2 1.2500e-01
2026-03-29 04:37:23,007 Epoch   12 | 21.7s | lr 1.91e-04 | train_relL2 1.1840e-02 | test_relL2 1.2578e-01
2026-03-29 04:37:44,319 Epoch   13 | 21.3s | lr 2.14e-04 | train_relL2 1.1568e-02 | test_relL2 1.2795e-01
2026-03-29 04:38:05,951 Epoch   14 | 21.6s | lr 2.38e-04 | train_relL2 1.1414e-02 | test_relL2 1.4078e-01
2026-03-29 04:38:27,514 Epoch   15 | 21.6s | lr 2.63e-04 | train_relL2 1.1684e-02 | test_relL2 1.2327e-01
2026-03-29 04:38:48,904 Epoch   16 | 21.4s | lr 2.89e-04 | train_relL2 1.0997e-02 | test_relL2 1.2187e-01
2026-03-29 04:39:10,572 Epoch   17 | 21.7s | lr 3.16e-04 | train_relL2 1.1679e-02 | test_relL2 1.2754e-01
2026-03-29 04:39:31,975 Epoch   18 | 21.4s | lr 3.43e-04 | train_relL2 1.1460e-02 | test_relL2 1.2337e-01
2026-03-29 04:39:53,453 Epoch   19 | 21.5s | lr 3.72e-04 | train_relL2 1.1855e-02 | test_relL2 1.5146e-01
2026-03-29 04:40:14,835 Epoch   20 | 21.4s | lr 4.01e-04 | train_relL2 1.1418e-02 | test_relL2 1.2287e-01
2026-03-29 04:40:35,796 Epoch   21 | 21.0s | lr 4.30e-04 | train_relL2 1.1813e-02 | test_relL2 1.2635e-01
2026-03-29 04:40:57,183 Epoch   22 | 21.4s | lr 4.60e-04 | train_relL2 1.1317e-02 | test_relL2 1.8461e-01
2026-03-29 04:41:18,541 Epoch   23 | 21.4s | lr 4.90e-04 | train_relL2 1.2243e-02 | test_relL2 1.4257e-01
2026-03-29 04:41:40,414 Epoch   24 | 21.9s | lr 5.20e-04 | train_relL2 1.1989e-02 | test_relL2 1.4381e-01
2026-03-29 04:42:01,855 Epoch   25 | 21.4s | lr 5.50e-04 | train_relL2 1.1498e-02 | test_relL2 1.5957e-01
2026-03-29 04:42:23,707 Epoch   26 | 21.8s | lr 5.80e-04 | train_relL2 1.1750e-02 | test_relL2 1.5687e-01
2026-03-29 04:42:45,030 Epoch   27 | 21.3s | lr 6.10e-04 | train_relL2 1.2661e-02 | test_relL2 1.6081e-01
2026-03-29 04:43:06,748 Epoch   28 | 21.7s | lr 6.39e-04 | train_relL2 1.1645e-02 | test_relL2 1.7742e-01
2026-03-29 04:43:28,074 Epoch   29 | 21.3s | lr 6.68e-04 | train_relL2 1.1783e-02 | test_relL2 2.2490e-01
2026-03-29 04:43:49,663 Epoch   30 | 21.6s | lr 6.97e-04 | train_relL2 1.2312e-02 | test_relL2 1.8675e-01
2026-03-29 04:44:11,203 Epoch   31 | 21.5s | lr 7.24e-04 | train_relL2 1.2806e-02 | test_relL2 2.1119e-01
2026-03-29 04:44:32,793 Epoch   32 | 21.6s | lr 7.51e-04 | train_relL2 1.2086e-02 | test_relL2 2.0052e-01
2026-03-29 04:44:54,249 Epoch   33 | 21.5s | lr 7.77e-04 | train_relL2 1.2635e-02 | test_relL2 2.1247e-01
2026-03-29 04:45:15,689 Epoch   34 | 21.4s | lr 8.02e-04 | train_relL2 1.1339e-02 | test_relL2 2.6023e-01
2026-03-29 04:45:37,484 Epoch   35 | 21.8s | lr 8.26e-04 | train_relL2 1.1363e-02 | test_relL2 2.5437e-01
2026-03-29 04:45:59,101 Epoch   36 | 21.6s | lr 8.49e-04 | train_relL2 1.3105e-02 | test_relL2 2.3603e-01
2026-03-29 04:46:20,812 Epoch   37 | 21.7s | lr 8.70e-04 | train_relL2 1.1411e-02 | test_relL2 2.9219e-01
2026-03-29 04:46:42,438 Epoch   38 | 21.6s | lr 8.90e-04 | train_relL2 1.0622e-02 | test_relL2 2.6199e-01
2026-03-29 04:47:03,968 Epoch   39 | 21.5s | lr 9.08e-04 | train_relL2 1.1191e-02 | test_relL2 3.0104e-01
2026-03-29 04:47:25,576 Epoch   40 | 21.6s | lr 9.25e-04 | train_relL2 1.1222e-02 | test_relL2 2.8952e-01
2026-03-29 04:47:47,595 Epoch   41 | 22.0s | lr 9.41e-04 | train_relL2 1.1543e-02 | test_relL2 2.8673e-01
2026-03-29 04:48:09,055 Epoch   42 | 21.5s | lr 9.54e-04 | train_relL2 1.0242e-02 | test_relL2 2.8562e-01
2026-03-29 04:48:30,609 Epoch   43 | 21.6s | lr 9.66e-04 | train_relL2 1.1323e-02 | test_relL2 2.2845e-01
2026-03-29 04:48:51,942 Epoch   44 | 21.3s | lr 9.77e-04 | train_relL2 1.1549e-02 | test_relL2 2.4081e-01
2026-03-29 04:49:13,584 Epoch   45 | 21.6s | lr 9.85e-04 | train_relL2 1.0205e-02 | test_relL2 2.2964e-01
2026-03-29 04:49:34,989 Epoch   46 | 21.4s | lr 9.92e-04 | train_relL2 1.0135e-02 | test_relL2 2.2930e-01
2026-03-29 04:49:56,400 Epoch   47 | 21.4s | lr 9.96e-04 | train_relL2 1.0447e-02 | test_relL2 2.1812e-01
2026-03-29 04:50:18,091 Epoch   48 | 21.7s | lr 9.99e-04 | train_relL2 1.0757e-02 | test_relL2 2.2588e-01
2026-03-29 04:50:39,262 Epoch   49 | 21.2s | lr 1.00e-03 | train_relL2 9.0504e-03 | test_relL2 2.3518e-01
2026-03-29 04:51:01,287 Epoch   50 | 22.0s | lr 1.00e-03 | train_relL2 1.0036e-02 | test_relL2 2.7095e-01
2026-03-29 04:51:22,895 Epoch   51 | 21.6s | lr 1.00e-03 | train_relL2 9.6326e-03 | test_relL2 2.4144e-01
2026-03-29 04:51:44,375 Epoch   52 | 21.5s | lr 1.00e-03 | train_relL2 8.7588e-03 | test_relL2 2.3319e-01
2026-03-29 04:52:05,738 Epoch   53 | 21.4s | lr 1.00e-03 | train_relL2 1.0599e-02 | test_relL2 2.1121e-01
2026-03-29 04:52:27,904 Epoch   54 | 22.2s | lr 1.00e-03 | train_relL2 9.7789e-03 | test_relL2 2.3007e-01
2026-03-29 04:52:49,816 Epoch   55 | 21.9s | lr 1.00e-03 | train_relL2 8.0078e-03 | test_relL2 2.3911e-01
2026-03-29 04:53:11,538 Epoch   56 | 21.7s | lr 9.99e-04 | train_relL2 8.7998e-03 | test_relL2 2.3418e-01
2026-03-29 04:53:32,868 Epoch   57 | 21.3s | lr 9.99e-04 | train_relL2 9.4135e-03 | test_relL2 2.2278e-01
2026-03-29 04:53:54,576 Epoch   58 | 21.7s | lr 9.99e-04 | train_relL2 9.2301e-03 | test_relL2 2.4725e-01
2026-03-29 04:54:15,946 Epoch   59 | 21.4s | lr 9.99e-04 | train_relL2 8.4168e-03 | test_relL2 2.4173e-01
2026-03-29 04:54:37,667 Epoch   60 | 21.7s | lr 9.99e-04 | train_relL2 8.1464e-03 | test_relL2 2.3983e-01
2026-03-29 04:54:59,169 Epoch   61 | 21.5s | lr 9.98e-04 | train_relL2 7.9975e-03 | test_relL2 2.6253e-01
2026-03-29 04:55:20,782 Epoch   62 | 21.6s | lr 9.98e-04 | train_relL2 9.0408e-03 | test_relL2 2.5259e-01
2026-03-29 04:55:42,606 Epoch   63 | 21.8s | lr 9.98e-04 | train_relL2 9.4487e-03 | test_relL2 2.4549e-01
2026-03-29 04:56:04,058 Epoch   64 | 21.5s | lr 9.97e-04 | train_relL2 7.9534e-03 | test_relL2 2.6999e-01
2026-03-29 04:56:25,530 Epoch   65 | 21.5s | lr 9.97e-04 | train_relL2 9.0449e-03 | test_relL2 2.3628e-01
2026-03-29 04:56:47,088 Epoch   66 | 21.6s | lr 9.96e-04 | train_relL2 7.6729e-03 | test_relL2 2.7326e-01
2026-03-29 04:57:09,249 Epoch   67 | 22.2s | lr 9.96e-04 | train_relL2 8.1703e-03 | test_relL2 2.6060e-01
2026-03-29 04:57:30,309 Epoch   68 | 21.1s | lr 9.96e-04 | train_relL2 8.2853e-03 | test_relL2 2.5761e-01
2026-03-29 04:57:52,353 Epoch   69 | 22.0s | lr 9.95e-04 | train_relL2 8.2884e-03 | test_relL2 2.6743e-01
2026-03-29 04:58:13,760 Epoch   70 | 21.4s | lr 9.95e-04 | train_relL2 8.6051e-03 | test_relL2 2.6618e-01
2026-03-29 04:58:35,249 Epoch   71 | 21.5s | lr 9.94e-04 | train_relL2 7.7996e-03 | test_relL2 2.7540e-01
2026-03-29 04:58:57,292 Epoch   72 | 22.0s | lr 9.94e-04 | train_relL2 8.2456e-03 | test_relL2 2.6173e-01
2026-03-29 04:59:19,086 Epoch   73 | 21.8s | lr 9.93e-04 | train_relL2 7.4163e-03 | test_relL2 2.6264e-01
2026-03-29 04:59:40,438 Epoch   74 | 21.3s | lr 9.92e-04 | train_relL2 8.6471e-03 | test_relL2 2.6029e-01
2026-03-29 05:00:01,820 Epoch   75 | 21.4s | lr 9.92e-04 | train_relL2 7.3716e-03 | test_relL2 3.1787e-01
2026-03-29 05:00:23,592 Epoch   76 | 21.8s | lr 9.91e-04 | train_relL2 7.2533e-03 | test_relL2 2.6551e-01
2026-03-29 05:00:45,537 Epoch   77 | 21.9s | lr 9.90e-04 | train_relL2 7.9933e-03 | test_relL2 2.7165e-01
2026-03-29 05:01:07,802 Epoch   78 | 22.3s | lr 9.90e-04 | train_relL2 7.9240e-03 | test_relL2 2.8145e-01
2026-03-29 05:01:29,280 Epoch   79 | 21.5s | lr 9.89e-04 | train_relL2 7.2477e-03 | test_relL2 3.1312e-01
2026-03-29 05:01:50,903 Epoch   80 | 21.6s | lr 9.88e-04 | train_relL2 8.0656e-03 | test_relL2 2.7932e-01
2026-03-29 05:02:12,572 Epoch   81 | 21.7s | lr 9.88e-04 | train_relL2 7.8805e-03 | test_relL2 2.7680e-01
2026-03-29 05:02:34,303 Epoch   82 | 21.7s | lr 9.87e-04 | train_relL2 7.9195e-03 | test_relL2 2.6952e-01
2026-03-29 05:02:56,053 Epoch   83 | 21.7s | lr 9.86e-04 | train_relL2 6.7276e-03 | test_relL2 2.7206e-01
2026-03-29 05:03:17,711 Epoch   84 | 21.7s | lr 9.85e-04 | train_relL2 6.8419e-03 | test_relL2 2.8502e-01
2026-03-29 05:03:39,348 Epoch   85 | 21.6s | lr 9.84e-04 | train_relL2 7.3221e-03 | test_relL2 2.8666e-01
2026-03-29 05:04:01,061 Epoch   86 | 21.7s | lr 9.83e-04 | train_relL2 7.0773e-03 | test_relL2 2.8399e-01
2026-03-29 05:04:22,793 Epoch   87 | 21.7s | lr 9.83e-04 | train_relL2 6.6325e-03 | test_relL2 2.9416e-01
2026-03-29 05:04:44,224 Epoch   88 | 21.4s | lr 9.82e-04 | train_relL2 6.9530e-03 | test_relL2 2.8330e-01
2026-03-29 05:05:05,978 Epoch   89 | 21.8s | lr 9.81e-04 | train_relL2 7.4089e-03 | test_relL2 3.0595e-01
2026-03-29 05:05:27,749 Epoch   90 | 21.8s | lr 9.80e-04 | train_relL2 7.5133e-03 | test_relL2 2.8877e-01
2026-03-29 05:05:49,344 Epoch   91 | 21.6s | lr 9.79e-04 | train_relL2 6.4382e-03 | test_relL2 2.9142e-01
2026-03-29 05:06:10,950 Epoch   92 | 21.6s | lr 9.78e-04 | train_relL2 6.9965e-03 | test_relL2 2.9555e-01
2026-03-29 05:06:32,487 Epoch   93 | 21.5s | lr 9.77e-04 | train_relL2 6.8110e-03 | test_relL2 2.9538e-01
2026-03-29 05:06:54,238 Epoch   94 | 21.7s | lr 9.76e-04 | train_relL2 7.3245e-03 | test_relL2 2.9485e-01
2026-03-29 05:07:16,521 Epoch   95 | 22.3s | lr 9.74e-04 | train_relL2 7.6782e-03 | test_relL2 2.8869e-01
2026-03-29 05:07:38,107 Epoch   96 | 21.6s | lr 9.73e-04 | train_relL2 6.7575e-03 | test_relL2 2.9394e-01
2026-03-29 05:07:59,747 Epoch   97 | 21.6s | lr 9.72e-04 | train_relL2 7.3692e-03 | test_relL2 3.0174e-01
2026-03-29 05:08:21,464 Epoch   98 | 21.7s | lr 9.71e-04 | train_relL2 7.0249e-03 | test_relL2 2.9952e-01
2026-03-29 05:08:43,005 Epoch   99 | 21.5s | lr 9.70e-04 | train_relL2 6.1749e-03 | test_relL2 2.9908e-01
[0;32m✓  completed successfully[0m

[1;33mRunning experiment: with_mhc_continuous[0m
  实验名称: with_mhc_continuous
  是否启用mHC: 1 (0=禁用, 1=启用)
  mHC模式: continuous (discrete/continuous)
  流形扩展倍数: 4 (控制流形表达能力，越大越强但参数更多)
  核密度平衡带宽: 0.5 (控制空间平滑，0.1=弱, 0.5=中, 1.0=强)

2026-03-29 05:08:52,775 Args: Namespace(ntrain=600, ntest=147, in_dim=10, out_dim=1, data_path='/home/leeshu/wmm/neuraloperator-main/neuralop/data/datasets/data/Cylinder/Cylinder1.mat', modes=12, width=32, n_layers=4, use_channel_mlp=1, fno_skip='linear', padding=0, use_mhc=1, mhc_mode='continuous', mhc_expansion_ratio=4, mhc_kdb_bandwidth=0.5, mhc_sinkhorn_iter=20, mhc_kernel_size=5, mhc_weight_decay=0.0, lr=0.001, epochs=500, weight_decay=0.0001, batch_size=8, max_grad_norm=None, gpu='2', save_name='with_mhc_continuous', eval=0, seed=42)
2026-03-29 05:08:52,776 Loading data from /home/leeshu/wmm/neuraloperator-main/neuralop/data/datasets/data/Cylinder/Cylinder1.mat ...
2026-03-29 05:08:54,068   raw shape : (747, 20, 3, 64, 64)
2026-03-29 05:08:54,749   train_a : torch.Size([600, 10, 64, 64])   train_u : torch.Size([600, 10, 64, 64])
2026-03-29 05:08:54,749   test_a  : torch.Size([147, 10, 64, 64])    test_u  : torch.Size([147, 10, 64, 64])
2026-03-29 05:08:55,251   a_norm  mean=1.0082  std=0.3581
2026-03-29 05:08:55,702 Model: FNO + mHC | hidden=32 | modes=12 | layers=4 | mhc_mode=continuous | mhc_expansion_ratio=4 | mhc_kdb_bandwidth=0.5 | use_channel_mlp=1 | params=396,705
Traceback (most recent call last):
  File "/home/leeshu/wmm/neuraloperator-mHC/scripts/train_cylinder_mhc.py", line 333, in <module>
    _im   = model(_xx_d)
  File "/home/leeshu/anaconda3/envs/FNO2/lib/python3.9/site-packages/torch/nn/modules/module.py", line 1736, in _wrapped_call_impl
    return self._call_impl(*args, **kwargs)
  File "/home/leeshu/anaconda3/envs/FNO2/lib/python3.9/site-packages/torch/nn/modules/module.py", line 1747, in _call_impl
    return forward_call(*args, **kwargs)
  File "/home/leeshu/wmm/neuraloperator-mHC/neuralop/models/fno.py", line 484, in forward
    x = self.fno_blocks(x, layer_idx, output_shape=output_shape[layer_idx])
  File "/home/leeshu/anaconda3/envs/FNO2/lib/python3.9/site-packages/torch/nn/modules/module.py", line 1736, in _wrapped_call_impl
    return self._call_impl(*args, **kwargs)
  File "/home/leeshu/anaconda3/envs/FNO2/lib/python3.9/site-packages/torch/nn/modules/module.py", line 1747, in _call_impl
    return forward_call(*args, **kwargs)
  File "/home/leeshu/wmm/neuraloperator-mHC/neuralop/layers/fno_block.py", line 792, in forward
    return self.forward_with_postactivation(x, index, output_shape, return_stats)
  File "/home/leeshu/wmm/neuraloperator-mHC/neuralop/layers/fno_block.py", line 642, in forward_with_postactivation
    x_mhc, mhc_stats = self.mhc_blocks[index](
ValueError: too many values to unpack (expected 2)
[0;32m✓  completed successfully[0m

[1;33m=== 实验2：mHC模式对比 ===[0m

[1;33mRunning experiment: mhc_mode_discrete[0m
  实验名称: mhc_mode_discrete
  是否启用mHC: 1 (0=禁用, 1=启用)
  mHC模式: discrete (discrete/continuous)
  流形扩展倍数: 4 (控制流形表达能力，越大越强但参数更多)
  核密度平衡带宽: 0.5 (控制空间平滑，0.1=弱, 0.5=中, 1.0=强)

2026-03-29 05:09:40,875 Args: Namespace(ntrain=600, ntest=147, in_dim=10, out_dim=1, data_path='/home/leeshu/wmm/neuraloperator-main/neuralop/data/datasets/data/Cylinder/Cylinder1.mat', modes=12, width=32, n_layers=4, use_channel_mlp=1, fno_skip='linear', padding=0, use_mhc=1, mhc_mode='discrete', mhc_expansion_ratio=4, mhc_kdb_bandwidth=0.5, mhc_sinkhorn_iter=20, mhc_kernel_size=5, mhc_weight_decay=0.0, lr=0.001, epochs=500, weight_decay=0.0001, batch_size=8, max_grad_norm=None, gpu='2', save_name='mhc_mode_discrete', eval=0, seed=42)
2026-03-29 05:09:40,875 Loading data from /home/leeshu/wmm/neuraloperator-main/neuralop/data/datasets/data/Cylinder/Cylinder1.mat ...
2026-03-29 05:09:42,202   raw shape : (747, 20, 3, 64, 64)
2026-03-29 05:09:42,962   train_a : torch.Size([600, 10, 64, 64])   train_u : torch.Size([600, 10, 64, 64])
2026-03-29 05:09:42,962   test_a  : torch.Size([147, 10, 64, 64])    test_u  : torch.Size([147, 10, 64, 64])
2026-03-29 05:09:43,486   a_norm  mean=1.0082  std=0.3581
2026-03-29 05:09:43,654 Model: FNO + mHC | hidden=32 | modes=12 | layers=4 | mhc_mode=discrete | mhc_expansion_ratio=4 | mhc_kdb_bandwidth=0.5 | use_channel_mlp=1 | params=396,705
Traceback (most recent call last):
  File "/home/leeshu/wmm/neuraloperator-mHC/scripts/train_cylinder_mhc.py", line 333, in <module>
    _im   = model(_xx_d)
  File "/home/leeshu/anaconda3/envs/FNO2/lib/python3.9/site-packages/torch/nn/modules/module.py", line 1736, in _wrapped_call_impl
    return self._call_impl(*args, **kwargs)
  File "/home/leeshu/anaconda3/envs/FNO2/lib/python3.9/site-packages/torch/nn/modules/module.py", line 1747, in _call_impl
    return forward_call(*args, **kwargs)
  File "/home/leeshu/wmm/neuraloperator-mHC/neuralop/models/fno.py", line 484, in forward
    x = self.fno_blocks(x, layer_idx, output_shape=output_shape[layer_idx])
  File "/home/leeshu/anaconda3/envs/FNO2/lib/python3.9/site-packages/torch/nn/modules/module.py", line 1736, in _wrapped_call_impl
    return self._call_impl(*args, **kwargs)
  File "/home/leeshu/anaconda3/envs/FNO2/lib/python3.9/site-packages/torch/nn/modules/module.py", line 1747, in _call_impl
    return forward_call(*args, **kwargs)
  File "/home/leeshu/wmm/neuraloperator-mHC/neuralop/layers/fno_block.py", line 792, in forward
    return self.forward_with_postactivation(x, index, output_shape, return_stats)
  File "/home/leeshu/wmm/neuraloperator-mHC/neuralop/layers/fno_block.py", line 642, in forward_with_postactivation
    x_mhc, mhc_stats = self.mhc_blocks[index](
ValueError: too many values to unpack (expected 2)
[0;32m✓  completed successfully[0m

[1;33mRunning experiment: mhc_mode_continuous[0m
  实验名称: mhc_mode_continuous
  是否启用mHC: 1 (0=禁用, 1=启用)
  mHC模式: continuous (discrete/continuous)
  流形扩展倍数: 4 (控制流形表达能力，越大越强但参数更多)
  核密度平衡带宽: 0.5 (控制空间平滑，0.1=弱, 0.5=中, 1.0=强)

2026-03-29 05:10:29,041 Args: Namespace(ntrain=600, ntest=147, in_dim=10, out_dim=1, data_path='/home/leeshu/wmm/neuraloperator-main/neuralop/data/datasets/data/Cylinder/Cylinder1.mat', modes=12, width=32, n_layers=4, use_channel_mlp=1, fno_skip='linear', padding=0, use_mhc=1, mhc_mode='continuous', mhc_expansion_ratio=4, mhc_kdb_bandwidth=0.5, mhc_sinkhorn_iter=20, mhc_kernel_size=5, mhc_weight_decay=0.0, lr=0.001, epochs=500, weight_decay=0.0001, batch_size=8, max_grad_norm=None, gpu='2', save_name='mhc_mode_continuous', eval=0, seed=42)
2026-03-29 05:10:29,041 Loading data from /home/leeshu/wmm/neuraloperator-main/neuralop/data/datasets/data/Cylinder/Cylinder1.mat ...
2026-03-29 05:10:30,344   raw shape : (747, 20, 3, 64, 64)
2026-03-29 05:10:31,136   train_a : torch.Size([600, 10, 64, 64])   train_u : torch.Size([600, 10, 64, 64])
2026-03-29 05:10:31,136   test_a  : torch.Size([147, 10, 64, 64])    test_u  : torch.Size([147, 10, 64, 64])
2026-03-29 05:10:31,661   a_norm  mean=1.0082  std=0.3581
2026-03-29 05:10:31,907 Model: FNO + mHC | hidden=32 | modes=12 | layers=4 | mhc_mode=continuous | mhc_expansion_ratio=4 | mhc_kdb_bandwidth=0.5 | use_channel_mlp=1 | params=396,705
Traceback (most recent call last):
  File "/home/leeshu/wmm/neuraloperator-mHC/scripts/train_cylinder_mhc.py", line 333, in <module>
    _im   = model(_xx_d)
  File "/home/leeshu/anaconda3/envs/FNO2/lib/python3.9/site-packages/torch/nn/modules/module.py", line 1736, in _wrapped_call_impl
    return self._call_impl(*args, **kwargs)
  File "/home/leeshu/anaconda3/envs/FNO2/lib/python3.9/site-packages/torch/nn/modules/module.py", line 1747, in _call_impl
    return forward_call(*args, **kwargs)
  File "/home/leeshu/wmm/neuraloperator-mHC/neuralop/models/fno.py", line 484, in forward
    x = self.fno_blocks(x, layer_idx, output_shape=output_shape[layer_idx])
  File "/home/leeshu/anaconda3/envs/FNO2/lib/python3.9/site-packages/torch/nn/modules/module.py", line 1736, in _wrapped_call_impl
    return self._call_impl(*args, **kwargs)
  File "/home/leeshu/anaconda3/envs/FNO2/lib/python3.9/site-packages/torch/nn/modules/module.py", line 1747, in _call_impl
    return forward_call(*args, **kwargs)
  File "/home/leeshu/wmm/neuraloperator-mHC/neuralop/layers/fno_block.py", line 792, in forward
    return self.forward_with_postactivation(x, index, output_shape, return_stats)
  File "/home/leeshu/wmm/neuraloperator-mHC/neuralop/layers/fno_block.py", line 642, in forward_with_postactivation
    x_mhc, mhc_stats = self.mhc_blocks[index](
ValueError: too many values to unpack (expected 2)
[0;32m✓  completed successfully[0m

[1;33m=== 实验3：expansion_ratio对比 ===[0m

[1;33mRunning experiment: expansion_ratio_2[0m
  实验名称: expansion_ratio_2
  是否启用mHC: 1 (0=禁用, 1=启用)
  mHC模式: continuous (discrete/continuous)
  流形扩展倍数: 2 (控制流形表达能力，越大越强但参数更多)
  核密度平衡带宽: 0.5 (控制空间平滑，0.1=弱, 0.5=中, 1.0=强)

2026-03-29 05:11:17,311 Args: Namespace(ntrain=600, ntest=147, in_dim=10, out_dim=1, data_path='/home/leeshu/wmm/neuraloperator-main/neuralop/data/datasets/data/Cylinder/Cylinder1.mat', modes=12, width=32, n_layers=4, use_channel_mlp=1, fno_skip='linear', padding=0, use_mhc=1, mhc_mode='continuous', mhc_expansion_ratio=2, mhc_kdb_bandwidth=0.5, mhc_sinkhorn_iter=20, mhc_kernel_size=5, mhc_weight_decay=0.0, lr=0.001, epochs=500, weight_decay=0.0001, batch_size=8, max_grad_norm=None, gpu='2', save_name='expansion_ratio_2', eval=0, seed=42)
2026-03-29 05:11:17,311 Loading data from /home/leeshu/wmm/neuraloperator-main/neuralop/data/datasets/data/Cylinder/Cylinder1.mat ...
2026-03-29 05:11:18,629   raw shape : (747, 20, 3, 64, 64)
2026-03-29 05:11:19,417   train_a : torch.Size([600, 10, 64, 64])   train_u : torch.Size([600, 10, 64, 64])
2026-03-29 05:11:19,417   test_a  : torch.Size([147, 10, 64, 64])    test_u  : torch.Size([147, 10, 64, 64])
2026-03-29 05:11:19,840   a_norm  mean=1.0082  std=0.3581
2026-03-29 05:11:20,086 Model: FNO + mHC | hidden=32 | modes=12 | layers=4 | mhc_mode=continuous | mhc_expansion_ratio=2 | mhc_kdb_bandwidth=0.5 | use_channel_mlp=1 | params=378,785
Traceback (most recent call last):
  File "/home/leeshu/wmm/neuraloperator-mHC/scripts/train_cylinder_mhc.py", line 333, in <module>
    _im   = model(_xx_d)
  File "/home/leeshu/anaconda3/envs/FNO2/lib/python3.9/site-packages/torch/nn/modules/module.py", line 1736, in _wrapped_call_impl
    return self._call_impl(*args, **kwargs)
  File "/home/leeshu/anaconda3/envs/FNO2/lib/python3.9/site-packages/torch/nn/modules/module.py", line 1747, in _call_impl
    return forward_call(*args, **kwargs)
  File "/home/leeshu/wmm/neuraloperator-mHC/neuralop/models/fno.py", line 484, in forward
    x = self.fno_blocks(x, layer_idx, output_shape=output_shape[layer_idx])
  File "/home/leeshu/anaconda3/envs/FNO2/lib/python3.9/site-packages/torch/nn/modules/module.py", line 1736, in _wrapped_call_impl
    return self._call_impl(*args, **kwargs)
  File "/home/leeshu/anaconda3/envs/FNO2/lib/python3.9/site-packages/torch/nn/modules/module.py", line 1747, in _call_impl
    return forward_call(*args, **kwargs)
  File "/home/leeshu/wmm/neuraloperator-mHC/neuralop/layers/fno_block.py", line 792, in forward
    return self.forward_with_postactivation(x, index, output_shape, return_stats)
  File "/home/leeshu/wmm/neuraloperator-mHC/neuralop/layers/fno_block.py", line 642, in forward_with_postactivation
    x_mhc, mhc_stats = self.mhc_blocks[index](
ValueError: too many values to unpack (expected 2)
[0;32m✓  completed successfully[0m

[1;33mRunning experiment: expansion_ratio_4[0m
  实验名称: expansion_ratio_4
  是否启用mHC: 1 (0=禁用, 1=启用)
  mHC模式: continuous (discrete/continuous)
  流形扩展倍数: 4 (控制流形表达能力，越大越强但参数更多)
  核密度平衡带宽: 0.5 (控制空间平滑，0.1=弱, 0.5=中, 1.0=强)

2026-03-29 05:12:05,156 Args: Namespace(ntrain=600, ntest=147, in_dim=10, out_dim=1, data_path='/home/leeshu/wmm/neuraloperator-main/neuralop/data/datasets/data/Cylinder/Cylinder1.mat', modes=12, width=32, n_layers=4, use_channel_mlp=1, fno_skip='linear', padding=0, use_mhc=1, mhc_mode='continuous', mhc_expansion_ratio=4, mhc_kdb_bandwidth=0.5, mhc_sinkhorn_iter=20, mhc_kernel_size=5, mhc_weight_decay=0.0, lr=0.001, epochs=500, weight_decay=0.0001, batch_size=8, max_grad_norm=None, gpu='2', save_name='expansion_ratio_4', eval=0, seed=42)
2026-03-29 05:12:05,157 Loading data from /home/leeshu/wmm/neuraloperator-main/neuralop/data/datasets/data/Cylinder/Cylinder1.mat ...
2026-03-29 05:12:06,692   raw shape : (747, 20, 3, 64, 64)
2026-03-29 05:12:07,449   train_a : torch.Size([600, 10, 64, 64])   train_u : torch.Size([600, 10, 64, 64])
2026-03-29 05:12:07,449   test_a  : torch.Size([147, 10, 64, 64])    test_u  : torch.Size([147, 10, 64, 64])
2026-03-29 05:12:07,861   a_norm  mean=1.0082  std=0.3581
2026-03-29 05:12:08,196 Model: FNO + mHC | hidden=32 | modes=12 | layers=4 | mhc_mode=continuous | mhc_expansion_ratio=4 | mhc_kdb_bandwidth=0.5 | use_channel_mlp=1 | params=396,705
Traceback (most recent call last):
  File "/home/leeshu/wmm/neuraloperator-mHC/scripts/train_cylinder_mhc.py", line 333, in <module>
    _im   = model(_xx_d)
  File "/home/leeshu/anaconda3/envs/FNO2/lib/python3.9/site-packages/torch/nn/modules/module.py", line 1736, in _wrapped_call_impl
    return self._call_impl(*args, **kwargs)
  File "/home/leeshu/anaconda3/envs/FNO2/lib/python3.9/site-packages/torch/nn/modules/module.py", line 1747, in _call_impl
    return forward_call(*args, **kwargs)
  File "/home/leeshu/wmm/neuraloperator-mHC/neuralop/models/fno.py", line 484, in forward
    x = self.fno_blocks(x, layer_idx, output_shape=output_shape[layer_idx])
  File "/home/leeshu/anaconda3/envs/FNO2/lib/python3.9/site-packages/torch/nn/modules/module.py", line 1736, in _wrapped_call_impl
    return self._call_impl(*args, **kwargs)
  File "/home/leeshu/anaconda3/envs/FNO2/lib/python3.9/site-packages/torch/nn/modules/module.py", line 1747, in _call_impl
    return forward_call(*args, **kwargs)
  File "/home/leeshu/wmm/neuraloperator-mHC/neuralop/layers/fno_block.py", line 792, in forward
    return self.forward_with_postactivation(x, index, output_shape, return_stats)
  File "/home/leeshu/wmm/neuraloperator-mHC/neuralop/layers/fno_block.py", line 642, in forward_with_postactivation
    x_mhc, mhc_stats = self.mhc_blocks[index](
ValueError: too many values to unpack (expected 2)
[0;32m✓  completed successfully[0m

[1;33mRunning experiment: expansion_ratio_8[0m
  实验名称: expansion_ratio_8
  是否启用mHC: 1 (0=禁用, 1=启用)
  mHC模式: continuous (discrete/continuous)
  流形扩展倍数: 8 (控制流形表达能力，越大越强但参数更多)
  核密度平衡带宽: 0.5 (控制空间平滑，0.1=弱, 0.5=中, 1.0=强)

2026-03-29 05:12:53,264 Args: Namespace(ntrain=600, ntest=147, in_dim=10, out_dim=1, data_path='/home/leeshu/wmm/neuraloperator-main/neuralop/data/datasets/data/Cylinder/Cylinder1.mat', modes=12, width=32, n_layers=4, use_channel_mlp=1, fno_skip='linear', padding=0, use_mhc=1, mhc_mode='continuous', mhc_expansion_ratio=8, mhc_kdb_bandwidth=0.5, mhc_sinkhorn_iter=20, mhc_kernel_size=5, mhc_weight_decay=0.0, lr=0.001, epochs=500, weight_decay=0.0001, batch_size=8, max_grad_norm=None, gpu='2', save_name='expansion_ratio_8', eval=0, seed=42)
2026-03-29 05:12:53,264 Loading data from /home/leeshu/wmm/neuraloperator-main/neuralop/data/datasets/data/Cylinder/Cylinder1.mat ...
2026-03-29 05:12:54,586   raw shape : (747, 20, 3, 64, 64)
2026-03-29 05:12:55,360   train_a : torch.Size([600, 10, 64, 64])   train_u : torch.Size([600, 10, 64, 64])
2026-03-29 05:12:55,360   test_a  : torch.Size([147, 10, 64, 64])    test_u  : torch.Size([147, 10, 64, 64])
2026-03-29 05:12:55,796   a_norm  mean=1.0082  std=0.3581
2026-03-29 05:12:56,049 Model: FNO + mHC | hidden=32 | modes=12 | layers=4 | mhc_mode=continuous | mhc_expansion_ratio=8 | mhc_kdb_bandwidth=0.5 | use_channel_mlp=1 | params=435,617
Traceback (most recent call last):
  File "/home/leeshu/wmm/neuraloperator-mHC/scripts/train_cylinder_mhc.py", line 333, in <module>
    _im   = model(_xx_d)
  File "/home/leeshu/anaconda3/envs/FNO2/lib/python3.9/site-packages/torch/nn/modules/module.py", line 1736, in _wrapped_call_impl
    return self._call_impl(*args, **kwargs)
  File "/home/leeshu/anaconda3/envs/FNO2/lib/python3.9/site-packages/torch/nn/modules/module.py", line 1747, in _call_impl
    return forward_call(*args, **kwargs)
  File "/home/leeshu/wmm/neuraloperator-mHC/neuralop/models/fno.py", line 484, in forward
    x = self.fno_blocks(x, layer_idx, output_shape=output_shape[layer_idx])
  File "/home/leeshu/anaconda3/envs/FNO2/lib/python3.9/site-packages/torch/nn/modules/module.py", line 1736, in _wrapped_call_impl
    return self._call_impl(*args, **kwargs)
  File "/home/leeshu/anaconda3/envs/FNO2/lib/python3.9/site-packages/torch/nn/modules/module.py", line 1747, in _call_impl
    return forward_call(*args, **kwargs)
  File "/home/leeshu/wmm/neuraloperator-mHC/neuralop/layers/fno_block.py", line 792, in forward
    return self.forward_with_postactivation(x, index, output_shape, return_stats)
  File "/home/leeshu/wmm/neuraloperator-mHC/neuralop/layers/fno_block.py", line 642, in forward_with_postactivation
    x_mhc, mhc_stats = self.mhc_blocks[index](
ValueError: too many values to unpack (expected 2)
[0;32m✓  completed successfully[0m

[1;33m=== 实验4：kdb_bandwidth对比 ===[0m

[1;33mRunning experiment: kdb_bandwidth_0.1[0m
  实验名称: kdb_bandwidth_0.1
  是否启用mHC: 1 (0=禁用, 1=启用)
  mHC模式: continuous (discrete/continuous)
  流形扩展倍数: 4 (控制流形表达能力，越大越强但参数更多)
  核密度平衡带宽: 0.1 (控制空间平滑，0.1=弱, 0.5=中, 1.0=强)

2026-03-29 05:13:41,014 Args: Namespace(ntrain=600, ntest=147, in_dim=10, out_dim=1, data_path='/home/leeshu/wmm/neuraloperator-main/neuralop/data/datasets/data/Cylinder/Cylinder1.mat', modes=12, width=32, n_layers=4, use_channel_mlp=1, fno_skip='linear', padding=0, use_mhc=1, mhc_mode='continuous', mhc_expansion_ratio=4, mhc_kdb_bandwidth=0.1, mhc_sinkhorn_iter=20, mhc_kernel_size=5, mhc_weight_decay=0.0, lr=0.001, epochs=500, weight_decay=0.0001, batch_size=8, max_grad_norm=None, gpu='2', save_name='kdb_bandwidth_0.1', eval=0, seed=42)
2026-03-29 05:13:41,014 Loading data from /home/leeshu/wmm/neuraloperator-main/neuralop/data/datasets/data/Cylinder/Cylinder1.mat ...
2026-03-29 05:13:42,317   raw shape : (747, 20, 3, 64, 64)
2026-03-29 05:13:43,113   train_a : torch.Size([600, 10, 64, 64])   train_u : torch.Size([600, 10, 64, 64])
2026-03-29 05:13:43,113   test_a  : torch.Size([147, 10, 64, 64])    test_u  : torch.Size([147, 10, 64, 64])
2026-03-29 05:13:43,560   a_norm  mean=1.0082  std=0.3581
2026-03-29 05:13:43,814 Model: FNO + mHC | hidden=32 | modes=12 | layers=4 | mhc_mode=continuous | mhc_expansion_ratio=4 | mhc_kdb_bandwidth=0.1 | use_channel_mlp=1 | params=396,705
Traceback (most recent call last):
  File "/home/leeshu/wmm/neuraloperator-mHC/scripts/train_cylinder_mhc.py", line 333, in <module>
    _im   = model(_xx_d)
  File "/home/leeshu/anaconda3/envs/FNO2/lib/python3.9/site-packages/torch/nn/modules/module.py", line 1736, in _wrapped_call_impl
    return self._call_impl(*args, **kwargs)
  File "/home/leeshu/anaconda3/envs/FNO2/lib/python3.9/site-packages/torch/nn/modules/module.py", line 1747, in _call_impl
    return forward_call(*args, **kwargs)
  File "/home/leeshu/wmm/neuraloperator-mHC/neuralop/models/fno.py", line 484, in forward
    x = self.fno_blocks(x, layer_idx, output_shape=output_shape[layer_idx])
  File "/home/leeshu/anaconda3/envs/FNO2/lib/python3.9/site-packages/torch/nn/modules/module.py", line 1736, in _wrapped_call_impl
    return self._call_impl(*args, **kwargs)
  File "/home/leeshu/anaconda3/envs/FNO2/lib/python3.9/site-packages/torch/nn/modules/module.py", line 1747, in _call_impl
    return forward_call(*args, **kwargs)
  File "/home/leeshu/wmm/neuraloperator-mHC/neuralop/layers/fno_block.py", line 792, in forward
    return self.forward_with_postactivation(x, index, output_shape, return_stats)
  File "/home/leeshu/wmm/neuraloperator-mHC/neuralop/layers/fno_block.py", line 642, in forward_with_postactivation
    x_mhc, mhc_stats = self.mhc_blocks[index](
ValueError: too many values to unpack (expected 2)
[0;32m✓  completed successfully[0m

[1;33mRunning experiment: kdb_bandwidth_0.5[0m
  实验名称: kdb_bandwidth_0.5
  是否启用mHC: 1 (0=禁用, 1=启用)
  mHC模式: continuous (discrete/continuous)
  流形扩展倍数: 4 (控制流形表达能力，越大越强但参数更多)
  核密度平衡带宽: 0.5 (控制空间平滑，0.1=弱, 0.5=中, 1.0=强)

2026-03-29 05:14:28,878 Args: Namespace(ntrain=600, ntest=147, in_dim=10, out_dim=1, data_path='/home/leeshu/wmm/neuraloperator-main/neuralop/data/datasets/data/Cylinder/Cylinder1.mat', modes=12, width=32, n_layers=4, use_channel_mlp=1, fno_skip='linear', padding=0, use_mhc=1, mhc_mode='continuous', mhc_expansion_ratio=4, mhc_kdb_bandwidth=0.5, mhc_sinkhorn_iter=20, mhc_kernel_size=5, mhc_weight_decay=0.0, lr=0.001, epochs=500, weight_decay=0.0001, batch_size=8, max_grad_norm=None, gpu='2', save_name='kdb_bandwidth_0.5', eval=0, seed=42)
2026-03-29 05:14:28,878 Loading data from /home/leeshu/wmm/neuraloperator-main/neuralop/data/datasets/data/Cylinder/Cylinder1.mat ...
2026-03-29 05:14:30,240   raw shape : (747, 20, 3, 64, 64)
2026-03-29 05:14:30,992   train_a : torch.Size([600, 10, 64, 64])   train_u : torch.Size([600, 10, 64, 64])
2026-03-29 05:14:30,993   test_a  : torch.Size([147, 10, 64, 64])    test_u  : torch.Size([147, 10, 64, 64])
2026-03-29 05:14:31,571   a_norm  mean=1.0082  std=0.3581
2026-03-29 05:14:31,930 Model: FNO + mHC | hidden=32 | modes=12 | layers=4 | mhc_mode=continuous | mhc_expansion_ratio=4 | mhc_kdb_bandwidth=0.5 | use_channel_mlp=1 | params=396,705
Traceback (most recent call last):
  File "/home/leeshu/wmm/neuraloperator-mHC/scripts/train_cylinder_mhc.py", line 333, in <module>
    _im   = model(_xx_d)
  File "/home/leeshu/anaconda3/envs/FNO2/lib/python3.9/site-packages/torch/nn/modules/module.py", line 1736, in _wrapped_call_impl
    return self._call_impl(*args, **kwargs)
  File "/home/leeshu/anaconda3/envs/FNO2/lib/python3.9/site-packages/torch/nn/modules/module.py", line 1747, in _call_impl
    return forward_call(*args, **kwargs)
  File "/home/leeshu/wmm/neuraloperator-mHC/neuralop/models/fno.py", line 484, in forward
    x = self.fno_blocks(x, layer_idx, output_shape=output_shape[layer_idx])
  File "/home/leeshu/anaconda3/envs/FNO2/lib/python3.9/site-packages/torch/nn/modules/module.py", line 1736, in _wrapped_call_impl
    return self._call_impl(*args, **kwargs)
  File "/home/leeshu/anaconda3/envs/FNO2/lib/python3.9/site-packages/torch/nn/modules/module.py", line 1747, in _call_impl
    return forward_call(*args, **kwargs)
  File "/home/leeshu/wmm/neuraloperator-mHC/neuralop/layers/fno_block.py", line 792, in forward
    return self.forward_with_postactivation(x, index, output_shape, return_stats)
  File "/home/leeshu/wmm/neuraloperator-mHC/neuralop/layers/fno_block.py", line 642, in forward_with_postactivation
    x_mhc, mhc_stats = self.mhc_blocks[index](
ValueError: too many values to unpack (expected 2)
[0;32m✓  completed successfully[0m

[1;33mRunning experiment: kdb_bandwidth_1.0[0m
  实验名称: kdb_bandwidth_1.0
  是否启用mHC: 1 (0=禁用, 1=启用)
  mHC模式: continuous (discrete/continuous)
  流形扩展倍数: 4 (控制流形表达能力，越大越强但参数更多)
  核密度平衡带宽: 1.0 (控制空间平滑，0.1=弱, 0.5=中, 1.0=强)

2026-03-29 05:15:17,332 Args: Namespace(ntrain=600, ntest=147, in_dim=10, out_dim=1, data_path='/home/leeshu/wmm/neuraloperator-main/neuralop/data/datasets/data/Cylinder/Cylinder1.mat', modes=12, width=32, n_layers=4, use_channel_mlp=1, fno_skip='linear', padding=0, use_mhc=1, mhc_mode='continuous', mhc_expansion_ratio=4, mhc_kdb_bandwidth=1.0, mhc_sinkhorn_iter=20, mhc_kernel_size=5, mhc_weight_decay=0.0, lr=0.001, epochs=500, weight_decay=0.0001, batch_size=8, max_grad_norm=None, gpu='2', save_name='kdb_bandwidth_1.0', eval=0, seed=42)
2026-03-29 05:15:17,332 Loading data from /home/leeshu/wmm/neuraloperator-main/neuralop/data/datasets/data/Cylinder/Cylinder1.mat ...
2026-03-29 05:15:18,659   raw shape : (747, 20, 3, 64, 64)
2026-03-29 05:15:19,437   train_a : torch.Size([600, 10, 64, 64])   train_u : torch.Size([600, 10, 64, 64])
2026-03-29 05:15:19,437   test_a  : torch.Size([147, 10, 64, 64])    test_u  : torch.Size([147, 10, 64, 64])
2026-03-29 05:15:19,974   a_norm  mean=1.0082  std=0.3581
2026-03-29 05:15:20,180 Model: FNO + mHC | hidden=32 | modes=12 | layers=4 | mhc_mode=continuous | mhc_expansion_ratio=4 | mhc_kdb_bandwidth=1.0 | use_channel_mlp=1 | params=396,705
Traceback (most recent call last):
  File "/home/leeshu/wmm/neuraloperator-mHC/scripts/train_cylinder_mhc.py", line 333, in <module>
    _im   = model(_xx_d)
  File "/home/leeshu/anaconda3/envs/FNO2/lib/python3.9/site-packages/torch/nn/modules/module.py", line 1736, in _wrapped_call_impl
    return self._call_impl(*args, **kwargs)
  File "/home/leeshu/anaconda3/envs/FNO2/lib/python3.9/site-packages/torch/nn/modules/module.py", line 1747, in _call_impl
    return forward_call(*args, **kwargs)
  File "/home/leeshu/wmm/neuraloperator-mHC/neuralop/models/fno.py", line 484, in forward
    x = self.fno_blocks(x, layer_idx, output_shape=output_shape[layer_idx])
  File "/home/leeshu/anaconda3/envs/FNO2/lib/python3.9/site-packages/torch/nn/modules/module.py", line 1736, in _wrapped_call_impl
    return self._call_impl(*args, **kwargs)
  File "/home/leeshu/anaconda3/envs/FNO2/lib/python3.9/site-packages/torch/nn/modules/module.py", line 1747, in _call_impl
    return forward_call(*args, **kwargs)
  File "/home/leeshu/wmm/neuraloperator-mHC/neuralop/layers/fno_block.py", line 792, in forward
    return self.forward_with_postactivation(x, index, output_shape, return_stats)
  File "/home/leeshu/wmm/neuraloperator-mHC/neuralop/layers/fno_block.py", line 642, in forward_with_postactivation
    x_mhc, mhc_stats = self.mhc_blocks[index](
ValueError: too many values to unpack (expected 2)
[0;32m✓  completed successfully[0m

[0;32m========================================[0m
[0;32mAll experiments completed![0m
[0;32m========================================[0m

Results saved to:
  Logs:      ../logs/Cylinder_mHC
  Checkpoints: ../checkpoints/Cylinder_mHC
  Results:   ../results/Cylinder_mHC

